0 verbose cli /data/data/com.termux/files/usr/bin/node /data/data/com.termux/files/usr/bin/npm
1 info using npm@8.15.0
2 info using node@v18.7.0
3 timing npm:load:whichnode Completed in 2ms
4 timing config:load:defaults Completed in 12ms
5 timing config:load:file:/data/data/com.termux/files/usr/lib/node_modules/npm/npmrc Completed in 5ms
6 timing config:load:builtin Completed in 6ms
7 timing config:load:cli Completed in 12ms
8 timing config:load:env Completed in 3ms
9 timing config:load:project Completed in 9ms
10 timing config:load:file:/data/data/com.termux/files/home/.npmrc Completed in 11ms
11 timing config:load:user Completed in 12ms
12 timing config:load:file:/data/data/com.termux/files/usr/etc/npmrc Completed in 1ms
13 timing config:load:global Completed in 2ms
14 timing config:load:validate Completed in 1ms
15 timing config:load:credentials Completed in 9ms
16 timing config:load:setEnvs Completed in 6ms
17 timing config:load Completed in 78ms
18 timing npm:load:configload Completed in 79ms
19 timing npm:load:mkdirpcache Completed in 6ms
20 timing npm:load:mkdirplogs Completed in 3ms
21 verbose title npm install bash-obfuscate
22 verbose argv "install" "--global" "bash-obfuscate"
23 timing npm:load:setTitle Completed in 7ms
24 timing config:load:flatten Completed in 18ms
25 timing npm:load:display Completed in 29ms
26 verbose logfile logs-max:10 dir:/data/data/com.termux/files/home/.npm/_logs
27 verbose logfile /data/data/com.termux/files/home/.npm/_logs/2022-09-08T09_40_40_240Z-debug-0.log
28 timing npm:load:logFile Completed in 35ms
29 timing npm:load:timers Completed in 1ms
30 timing npm:load:configScope Completed in 0ms
31 timing npm:load Completed in 170ms
32 timing arborist:ctor Completed in 4ms
33 silly logfile done cleaning log files
34 timing idealTree:init Completed in 39ms
35 timing idealTree:userRequests Completed in 18ms
36 silly idealTree buildDeps
37 silly fetch manifest bash-obfuscate@*
38 http fetch GET 200 https://registry.npmjs.org/bash-obfuscate 1153ms (cache revalidated)
39 silly placeDep ROOT bash-obfuscate@1.2.1 OK for:  want: *
40 silly fetch manifest lodash@^4.17.3
41 silly fetch manifest yargs@^6.5.0
42 http fetch GET 200 https://registry.npmjs.org/lodash 206ms (cache revalidated)
43 http fetch GET 200 https://registry.npmjs.org/yargs 352ms (cache revalidated)
44 timing idealTree:#root Completed in 1732ms
45 silly placeDep node_modules/bash-obfuscate lodash@4.17.21 OK for: bash-obfuscate@1.2.1 want: ^4.17.3
46 silly placeDep node_modules/bash-obfuscate yargs@6.6.0 OK for: bash-obfuscate@1.2.1 want: ^6.5.0
47 silly fetch manifest camelcase@^3.0.0
48 silly fetch manifest cliui@^3.2.0
49 silly fetch manifest decamelize@^1.1.1
50 silly fetch manifest get-caller-file@^1.0.1
51 silly fetch manifest os-locale@^1.4.0
52 silly fetch manifest read-pkg-up@^1.0.1
53 silly fetch manifest require-directory@^2.1.1
54 silly fetch manifest require-main-filename@^1.0.1
55 silly fetch manifest set-blocking@^2.0.0
56 silly fetch manifest string-width@^1.0.2
57 silly fetch manifest which-module@^1.0.0
58 silly fetch manifest y18n@^3.2.1
59 silly fetch manifest yargs-parser@^4.2.0
60 http fetch GET 200 https://registry.npmjs.org/decamelize 548ms (cache revalidated)
61 http fetch GET 200 https://registry.npmjs.org/camelcase 571ms (cache revalidated)
62 http fetch GET 200 https://registry.npmjs.org/cliui 824ms (cache revalidated)
63 http fetch GET 200 https://registry.npmjs.org/get-caller-file 823ms (cache revalidated)
64 http fetch GET 200 https://registry.npmjs.org/set-blocking 794ms (cache revalidated)
65 http fetch GET 200 https://registry.npmjs.org/read-pkg-up 822ms (cache revalidated)
66 http fetch GET 200 https://registry.npmjs.org/require-directory 833ms (cache revalidated)
67 http fetch GET 200 https://registry.npmjs.org/which-module 809ms (cache revalidated)
68 http fetch GET 200 https://registry.npmjs.org/os-locale 855ms (cache revalidated)
69 http fetch GET 200 https://registry.npmjs.org/string-width 825ms (cache revalidated)
70 http fetch GET 200 https://registry.npmjs.org/yargs-parser 814ms (cache revalidated)
71 http fetch GET 200 https://registry.npmjs.org/require-main-filename 863ms (cache revalidated)
72 http fetch GET 200 https://registry.npmjs.org/y18n 839ms (cache revalidated)
73 timing idealTree:node_modules/bash-obfuscate Completed in 967ms
74 timing idealTree:node_modules/bash-obfuscate/node_modules/lodash Completed in 0ms
75 silly placeDep node_modules/bash-obfuscate camelcase@3.0.0 OK for: yargs@6.6.0 want: ^3.0.0
76 silly placeDep node_modules/bash-obfuscate cliui@3.2.0 OK for: yargs@6.6.0 want: ^3.2.0
77 silly placeDep node_modules/bash-obfuscate decamelize@1.2.0 OK for: yargs@6.6.0 want: ^1.1.1
78 silly placeDep node_modules/bash-obfuscate get-caller-file@1.0.3 OK for: yargs@6.6.0 want: ^1.0.1
79 silly placeDep node_modules/bash-obfuscate os-locale@1.4.0 OK for: yargs@6.6.0 want: ^1.4.0
80 silly placeDep node_modules/bash-obfuscate read-pkg-up@1.0.1 OK for: yargs@6.6.0 want: ^1.0.1
81 silly placeDep node_modules/bash-obfuscate require-directory@2.1.1 OK for: yargs@6.6.0 want: ^2.1.1
82 silly placeDep node_modules/bash-obfuscate require-main-filename@1.0.1 OK for: yargs@6.6.0 want: ^1.0.1
83 silly placeDep node_modules/bash-obfuscate set-blocking@2.0.0 OK for: yargs@6.6.0 want: ^2.0.0
84 silly placeDep node_modules/bash-obfuscate string-width@1.0.2 OK for: yargs@6.6.0 want: ^1.0.2
85 silly placeDep node_modules/bash-obfuscate which-module@1.0.0 OK for: yargs@6.6.0 want: ^1.0.0
86 silly placeDep node_modules/bash-obfuscate y18n@3.2.2 OK for: yargs@6.6.0 want: ^3.2.1
87 silly placeDep node_modules/bash-obfuscate yargs-parser@4.2.1 OK for: yargs@6.6.0 want: ^4.2.0
88 silly fetch manifest strip-ansi@^3.0.1
89 silly fetch manifest wrap-ansi@^2.0.0
90 silly fetch manifest lcid@^1.0.0
91 silly fetch manifest find-up@^1.0.0
92 silly fetch manifest read-pkg@^1.0.0
93 silly fetch manifest code-point-at@^1.0.0
94 silly fetch manifest is-fullwidth-code-point@^1.0.0
95 silly fetch manifest strip-ansi@^3.0.0
96 http fetch GET 200 https://registry.npmjs.org/read-pkg 344ms (cache revalidated)
97 http fetch GET 200 https://registry.npmjs.org/strip-ansi 377ms (cache revalidated)
98 http fetch GET 200 https://registry.npmjs.org/strip-ansi 340ms (cache revalidated)
99 http fetch GET 200 https://registry.npmjs.org/lcid 380ms (cache revalidated)
100 http fetch GET 200 https://registry.npmjs.org/wrap-ansi 394ms (cache revalidated)
101 http fetch GET 200 https://registry.npmjs.org/code-point-at 376ms (cache revalidated)
102 http fetch GET 200 https://registry.npmjs.org/find-up 390ms (cache revalidated)
103 http fetch GET 200 https://registry.npmjs.org/is-fullwidth-code-point 386ms (cache revalidated)
104 timing idealTree:node_modules/bash-obfuscate/node_modules/yargs Completed in 636ms
105 timing idealTree:node_modules/bash-obfuscate/node_modules/camelcase Completed in 0ms
106 silly placeDep node_modules/bash-obfuscate strip-ansi@3.0.1 OK for: cliui@3.2.0 want: ^3.0.1
107 silly placeDep node_modules/bash-obfuscate wrap-ansi@2.1.0 OK for: cliui@3.2.0 want: ^2.0.0
108 silly fetch manifest ansi-regex@^2.0.0
109 http fetch GET 200 https://registry.npmjs.org/ansi-regex 218ms (cache revalidated)
110 timing idealTree:node_modules/bash-obfuscate/node_modules/cliui Completed in 251ms
111 timing idealTree:node_modules/bash-obfuscate/node_modules/decamelize Completed in 0ms
112 timing idealTree:node_modules/bash-obfuscate/node_modules/get-caller-file Completed in 4ms
113 silly placeDep node_modules/bash-obfuscate lcid@1.0.0 OK for: os-locale@1.4.0 want: ^1.0.0
114 silly fetch manifest invert-kv@^1.0.0
115 http fetch GET 200 https://registry.npmjs.org/invert-kv 190ms (cache revalidated)
116 timing idealTree:node_modules/bash-obfuscate/node_modules/os-locale Completed in 218ms
117 silly placeDep node_modules/bash-obfuscate invert-kv@1.0.0 OK for: lcid@1.0.0 want: ^1.0.0
118 timing idealTree:node_modules/bash-obfuscate/node_modules/lcid Completed in 19ms
119 timing idealTree:node_modules/bash-obfuscate/node_modules/invert-kv Completed in 1ms
120 silly placeDep node_modules/bash-obfuscate find-up@1.1.2 OK for: read-pkg-up@1.0.1 want: ^1.0.0
121 silly placeDep node_modules/bash-obfuscate read-pkg@1.1.0 OK for: read-pkg-up@1.0.1 want: ^1.0.0
122 silly fetch manifest path-exists@^2.0.0
123 silly fetch manifest pinkie-promise@^2.0.0
124 silly fetch manifest load-json-file@^1.0.0
125 silly fetch manifest normalize-package-data@^2.3.2
126 silly fetch manifest path-type@^1.0.0
127 http fetch GET 200 https://registry.npmjs.org/path-type 218ms (cache revalidated)
128 http fetch GET 200 https://registry.npmjs.org/path-exists 274ms (cache revalidated)
129 http fetch GET 200 https://registry.npmjs.org/normalize-package-data 251ms (cache revalidated)
130 http fetch GET 200 https://registry.npmjs.org/load-json-file 284ms (cache revalidated)
131 http fetch GET 200 https://registry.npmjs.org/pinkie-promise 307ms (cache revalidated)
132 timing idealTree:node_modules/bash-obfuscate/node_modules/read-pkg-up Completed in 346ms
133 silly placeDep node_modules/bash-obfuscate path-exists@2.1.0 OK for: find-up@1.1.2 want: ^2.0.0
134 silly placeDep node_modules/bash-obfuscate pinkie-promise@2.0.1 OK for: find-up@1.1.2 want: ^2.0.0
135 silly fetch manifest pinkie@^2.0.0
136 http fetch GET 200 https://registry.npmjs.org/pinkie 129ms (cache revalidated)
137 timing idealTree:node_modules/bash-obfuscate/node_modules/find-up Completed in 153ms
138 timing idealTree:node_modules/bash-obfuscate/node_modules/path-exists Completed in 0ms
139 silly placeDep node_modules/bash-obfuscate pinkie@2.0.4 OK for: pinkie-promise@2.0.1 want: ^2.0.0
140 timing idealTree:node_modules/bash-obfuscate/node_modules/pinkie-promise Completed in 10ms
141 timing idealTree:node_modules/bash-obfuscate/node_modules/pinkie Completed in 1ms
142 silly placeDep node_modules/bash-obfuscate load-json-file@1.1.0 OK for: read-pkg@1.1.0 want: ^1.0.0
143 silly placeDep node_modules/bash-obfuscate normalize-package-data@2.5.0 OK for: read-pkg@1.1.0 want: ^2.3.2
144 silly placeDep node_modules/bash-obfuscate path-type@1.1.0 OK for: read-pkg@1.1.0 want: ^1.0.0
145 silly fetch manifest graceful-fs@^4.1.2
146 silly fetch manifest parse-json@^2.2.0
147 silly fetch manifest pify@^2.0.0
148 silly fetch manifest strip-bom@^2.0.0
149 silly fetch manifest hosted-git-info@^2.1.4
150 silly fetch manifest resolve@^1.10.0
151 silly fetch manifest semver@2 || 3 || 4 || 5
152 silly fetch manifest validate-npm-package-license@^3.0.1
153 http fetch GET 200 https://registry.npmjs.org/parse-json 254ms (cache revalidated)
154 http fetch GET 200 https://registry.npmjs.org/pify 256ms (cache revalidated)
155 http fetch GET 200 https://registry.npmjs.org/graceful-fs 289ms (cache revalidated)
156 http fetch GET 200 https://registry.npmjs.org/semver 262ms (cache revalidated)
157 http fetch GET 200 https://registry.npmjs.org/strip-bom 332ms (cache revalidated)
158 http fetch GET 200 https://registry.npmjs.org/validate-npm-package-license 314ms (cache revalidated)
159 http fetch GET 200 https://registry.npmjs.org/resolve 329ms (cache revalidated)
160 http fetch GET 200 https://registry.npmjs.org/hosted-git-info 344ms (cache revalidated)
161 timing idealTree:node_modules/bash-obfuscate/node_modules/read-pkg Completed in 418ms
162 silly placeDep node_modules/bash-obfuscate graceful-fs@4.2.10 OK for: load-json-file@1.1.0 want: ^4.1.2
163 silly placeDep node_modules/bash-obfuscate parse-json@2.2.0 OK for: load-json-file@1.1.0 want: ^2.2.0
164 silly placeDep node_modules/bash-obfuscate pify@2.3.0 OK for: load-json-file@1.1.0 want: ^2.0.0
165 silly placeDep node_modules/bash-obfuscate strip-bom@2.0.0 OK for: load-json-file@1.1.0 want: ^2.0.0
166 silly fetch manifest error-ex@^1.2.0
167 silly fetch manifest is-utf8@^0.2.0
168 http fetch GET 200 https://registry.npmjs.org/error-ex 153ms (cache revalidated)
169 http fetch GET 200 https://registry.npmjs.org/is-utf8 151ms (cache revalidated)
170 timing idealTree:node_modules/bash-obfuscate/node_modules/load-json-file Completed in 208ms
171 timing idealTree:node_modules/bash-obfuscate/node_modules/graceful-fs Completed in 0ms
172 silly placeDep node_modules/bash-obfuscate hosted-git-info@2.8.9 OK for: normalize-package-data@2.5.0 want: ^2.1.4
173 silly placeDep node_modules/bash-obfuscate resolve@1.22.1 OK for: normalize-package-data@2.5.0 want: ^1.10.0
174 silly placeDep node_modules/bash-obfuscate semver@5.7.1 OK for: normalize-package-data@2.5.0 want: 2 || 3 || 4 || 5
175 silly placeDep node_modules/bash-obfuscate validate-npm-package-license@3.0.4 OK for: normalize-package-data@2.5.0 want: ^3.0.1
176 silly fetch manifest is-core-module@^2.9.0
177 silly fetch manifest path-parse@^1.0.7
178 silly fetch manifest supports-preserve-symlinks-flag@^1.0.0
179 silly fetch manifest spdx-correct@^3.0.0
180 silly fetch manifest spdx-expression-parse@^3.0.0
181 http fetch GET 200 https://registry.npmjs.org/is-core-module 175ms (cache revalidated)
182 http fetch GET 200 https://registry.npmjs.org/path-parse 195ms (cache revalidated)
183 http fetch GET 200 https://registry.npmjs.org/supports-preserve-symlinks-flag 194ms (cache revalidated)
184 http fetch GET 200 https://registry.npmjs.org/spdx-correct 203ms (cache revalidated)
185 http fetch GET 200 https://registry.npmjs.org/spdx-expression-parse 209ms (cache revalidated)
186 timing idealTree:node_modules/bash-obfuscate/node_modules/normalize-package-data Completed in 276ms
187 timing idealTree:node_modules/bash-obfuscate/node_modules/hosted-git-info Completed in 0ms
188 silly placeDep node_modules/bash-obfuscate error-ex@1.3.2 OK for: parse-json@2.2.0 want: ^1.2.0
189 silly fetch manifest is-arrayish@^0.2.1
190 http fetch GET 200 https://registry.npmjs.org/is-arrayish 154ms (cache revalidated)
191 timing idealTree:node_modules/bash-obfuscate/node_modules/parse-json Completed in 175ms
192 silly placeDep node_modules/bash-obfuscate is-arrayish@0.2.1 OK for: error-ex@1.3.2 want: ^0.2.1
193 timing idealTree:node_modules/bash-obfuscate/node_modules/error-ex Completed in 23ms
194 timing idealTree:node_modules/bash-obfuscate/node_modules/is-arrayish Completed in 0ms
195 timing idealTree:node_modules/bash-obfuscate/node_modules/path-type Completed in 0ms
196 timing idealTree:node_modules/bash-obfuscate/node_modules/pify Completed in 0ms
197 timing idealTree:node_modules/bash-obfuscate/node_modules/require-directory Completed in 0ms
198 timing idealTree:node_modules/bash-obfuscate/node_modules/require-main-filename Completed in 0ms
199 silly placeDep node_modules/bash-obfuscate is-core-module@2.10.0 OK for: resolve@1.22.1 want: ^2.9.0
200 silly placeDep node_modules/bash-obfuscate path-parse@1.0.7 OK for: resolve@1.22.1 want: ^1.0.7
201 silly placeDep node_modules/bash-obfuscate supports-preserve-symlinks-flag@1.0.0 OK for: resolve@1.22.1 want: ^1.0.0
202 silly fetch manifest has@^1.0.3
203 http fetch GET 200 https://registry.npmjs.org/has 171ms (cache revalidated)
204 timing idealTree:node_modules/bash-obfuscate/node_modules/resolve Completed in 224ms
205 silly placeDep node_modules/bash-obfuscate has@1.0.3 OK for: is-core-module@2.10.0 want: ^1.0.3
206 silly fetch manifest function-bind@^1.1.1
207 http fetch GET 200 https://registry.npmjs.org/function-bind 165ms (cache revalidated)
208 timing idealTree:node_modules/bash-obfuscate/node_modules/is-core-module Completed in 187ms
209 silly placeDep node_modules/bash-obfuscate function-bind@1.1.1 OK for: has@1.0.3 want: ^1.1.1
210 timing idealTree:node_modules/bash-obfuscate/node_modules/has Completed in 13ms
211 timing idealTree:node_modules/bash-obfuscate/node_modules/function-bind Completed in 0ms
212 timing idealTree:node_modules/bash-obfuscate/node_modules/path-parse Completed in 1ms
213 timing idealTree:node_modules/bash-obfuscate/node_modules/semver Completed in 0ms
214 timing idealTree:node_modules/bash-obfuscate/node_modules/set-blocking Completed in 0ms
215 silly placeDep node_modules/bash-obfuscate code-point-at@1.1.0 OK for: string-width@1.0.2 want: ^1.0.0
216 silly placeDep node_modules/bash-obfuscate is-fullwidth-code-point@1.0.0 OK for: string-width@1.0.2 want: ^1.0.0
217 silly fetch manifest number-is-nan@^1.0.0
218 http fetch GET 200 https://registry.npmjs.org/number-is-nan 140ms (cache revalidated)
219 timing idealTree:node_modules/bash-obfuscate/node_modules/string-width Completed in 177ms
220 timing idealTree:node_modules/bash-obfuscate/node_modules/code-point-at Completed in 0ms
221 silly placeDep node_modules/bash-obfuscate number-is-nan@1.0.1 OK for: is-fullwidth-code-point@1.0.0 want: ^1.0.0
222 timing idealTree:node_modules/bash-obfuscate/node_modules/is-fullwidth-code-point Completed in 18ms
223 timing idealTree:node_modules/bash-obfuscate/node_modules/number-is-nan Completed in 0ms
224 silly placeDep node_modules/bash-obfuscate ansi-regex@2.1.1 OK for: strip-ansi@3.0.1 want: ^2.0.0
225 timing idealTree:node_modules/bash-obfuscate/node_modules/strip-ansi Completed in 12ms
226 timing idealTree:node_modules/bash-obfuscate/node_modules/ansi-regex Completed in 1ms
227 silly placeDep node_modules/bash-obfuscate is-utf8@0.2.1 OK for: strip-bom@2.0.0 want: ^0.2.0
228 timing idealTree:node_modules/bash-obfuscate/node_modules/strip-bom Completed in 12ms
229 timing idealTree:node_modules/bash-obfuscate/node_modules/is-utf8 Completed in 0ms
230 timing idealTree:node_modules/bash-obfuscate/node_modules/supports-preserve-symlinks-flag Completed in 0ms
231 silly placeDep node_modules/bash-obfuscate spdx-correct@3.1.1 OK for: validate-npm-package-license@3.0.4 want: ^3.0.0
232 silly placeDep node_modules/bash-obfuscate spdx-expression-parse@3.0.1 OK for: validate-npm-package-license@3.0.4 want: ^3.0.0
233 silly fetch manifest spdx-license-ids@^3.0.0
234 silly fetch manifest spdx-exceptions@^2.1.0
235 http fetch GET 200 https://registry.npmjs.org/spdx-license-ids 189ms (cache revalidated)
236 http fetch GET 200 https://registry.npmjs.org/spdx-exceptions 205ms (cache revalidated)
237 timing idealTree:node_modules/bash-obfuscate/node_modules/validate-npm-package-license Completed in 242ms
238 silly placeDep node_modules/bash-obfuscate spdx-license-ids@3.0.12 OK for: spdx-correct@3.1.1 want: ^3.0.0
239 timing idealTree:node_modules/bash-obfuscate/node_modules/spdx-correct Completed in 15ms
240 silly placeDep node_modules/bash-obfuscate spdx-exceptions@2.3.0 OK for: spdx-expression-parse@3.0.1 want: ^2.1.0
241 timing idealTree:node_modules/bash-obfuscate/node_modules/spdx-expression-parse Completed in 11ms
242 timing idealTree:node_modules/bash-obfuscate/node_modules/spdx-exceptions Completed in 0ms
243 timing idealTree:node_modules/bash-obfuscate/node_modules/spdx-license-ids Completed in 0ms
244 timing idealTree:node_modules/bash-obfuscate/node_modules/which-module Completed in 1ms
245 timing idealTree:node_modules/bash-obfuscate/node_modules/wrap-ansi Completed in 0ms
246 timing idealTree:node_modules/bash-obfuscate/node_modules/y18n Completed in 0ms
247 timing idealTree:node_modules/bash-obfuscate/node_modules/yargs-parser Completed in 0ms
248 timing idealTree:buildDeps Completed in 6415ms
249 timing idealTree:fixDepFlags Completed in 8ms
250 timing idealTree Completed in 6493ms
251 timing reify:loadTrees Completed in 6735ms
252 timing reify:diffTrees Completed in 26ms
253 silly reify mark retired [
253 silly reify   '/data/data/com.termux/files/usr/lib/node_modules/bash-obfuscate',
253 silly reify   '/data/data/com.termux/files/usr/bin/bash-obfuscate'
253 silly reify ]
254 silly reify moves {
254 silly reify   '/data/data/com.termux/files/usr/lib/node_modules/bash-obfuscate': '/data/data/com.termux/files/usr/lib/node_modules/.bash-obfuscate-vGGq3cYB',
254 silly reify   '/data/data/com.termux/files/usr/bin/bash-obfuscate': '/data/data/com.termux/files/usr/bin/.bash-obfuscate-5O3ZOsCP'
254 silly reify }
255 timing reify:retireShallow Completed in 21ms
256 timing reify:createSparse Completed in 47ms
257 timing reify:loadBundles Completed in 0ms
258 silly audit bulk request {
258 silly audit   'bash-obfuscate': [ '1.2.1' ],
258 silly audit   lodash: [ '4.17.21' ],
258 silly audit   yargs: [ '6.6.0' ],
258 silly audit   camelcase: [ '3.0.0' ],
258 silly audit   cliui: [ '3.2.0' ],
258 silly audit   decamelize: [ '1.2.0' ],
258 silly audit   'get-caller-file': [ '1.0.3' ],
258 silly audit   'os-locale': [ '1.4.0' ],
258 silly audit   'read-pkg-up': [ '1.0.1' ],
258 silly audit   'require-directory': [ '2.1.1' ],
258 silly audit   'require-main-filename': [ '1.0.1' ],
258 silly audit   'set-blocking': [ '2.0.0' ],
258 silly audit   'string-width': [ '1.0.2' ],
258 silly audit   'which-module': [ '1.0.0' ],
258 silly audit   y18n: [ '3.2.2' ],
258 silly audit   'yargs-parser': [ '4.2.1' ],
258 silly audit   'strip-ansi': [ '3.0.1' ],
258 silly audit   'wrap-ansi': [ '2.1.0' ],
258 silly audit   lcid: [ '1.0.0' ],
258 silly audit   'invert-kv': [ '1.0.0' ],
258 silly audit   'find-up': [ '1.1.2' ],
258 silly audit   'read-pkg': [ '1.1.0' ],
258 silly audit   'path-exists': [ '2.1.0' ],
258 silly audit   'pinkie-promise': [ '2.0.1' ],
258 silly audit   pinkie: [ '2.0.4' ],
258 silly audit   'load-json-file': [ '1.1.0' ],
258 silly audit   'normalize-package-data': [ '2.5.0' ],
258 silly audit   'path-type': [ '1.1.0' ],
258 silly audit   'graceful-fs': [ '4.2.10' ],
258 silly audit   'parse-json': [ '2.2.0' ],
258 silly audit   pify: [ '2.3.0' ],
258 silly audit   'strip-bom': [ '2.0.0' ],
258 silly audit   'hosted-git-info': [ '2.8.9' ],
258 silly audit   resolve: [ '1.22.1' ],
258 silly audit   semver: [ '5.7.1' ],
258 silly audit   'validate-npm-package-license': [ '3.0.4' ],
258 silly audit   'error-ex': [ '1.3.2' ],
258 silly audit   'is-arrayish': [ '0.2.1' ],
258 silly audit   'is-core-module': [ '2.10.0' ],
258 silly audit   'path-parse': [ '1.0.7' ],
258 silly audit   'supports-preserve-symlinks-flag': [ '1.0.0' ],
258 silly audit   has: [ '1.0.3' ],
258 silly audit   'function-bind': [ '1.1.1' ],
258 silly audit   'code-point-at': [ '1.1.0' ],
258 silly audit   'is-fullwidth-code-point': [ '1.0.0' ],
258 silly audit   'number-is-nan': [ '1.0.1' ],
258 silly audit   'ansi-regex': [ '2.1.1' ],
258 silly audit   'is-utf8': [ '0.2.1' ],
258 silly audit   'spdx-correct': [ '3.1.1' ],
258 silly audit   'spdx-expression-parse': [ '3.0.1' ],
258 silly audit   'spdx-license-ids': [ '3.0.12' ],
258 silly audit   'spdx-exceptions': [ '2.3.0' ]
258 silly audit }
259 http fetch POST 200 https://registry.npmjs.org/-/npm/v1/security/advisories/bulk 989ms
260 timing auditReport:getReport Completed in 1011ms
261 silly audit report {
261 silly audit report   'yargs-parser': [
261 silly audit report     {
261 silly audit report       id: 1081883,
261 silly audit report       url: 'https://github.com/advisories/GHSA-p9pc-299p-vxgp',
261 silly audit report       title: 'yargs-parser Vulnerable to Prototype Pollution',
261 silly audit report       severity: 'moderate',
261 silly audit report       vulnerable_versions: '<=5.0.0',
261 silly audit report       cwe: [Array],
261 silly audit report       cvss: [Object]
261 silly audit report     }
261 silly audit report   ]
261 silly audit report }
262 timing metavuln:packument:yargs-parser Completed in 2ms
263 timing reifyNode:node_modules/bash-obfuscate/node_modules/spdx-exceptions Completed in 1149ms
264 timing reifyNode:node_modules/bash-obfuscate/node_modules/invert-kv Completed in 1155ms
265 timing reifyNode:node_modules/bash-obfuscate/node_modules/wrap-ansi Completed in 1174ms
266 timing reifyNode:node_modules/bash-obfuscate/node_modules/path-parse Completed in 1175ms
267 timing reifyNode:node_modules/bash-obfuscate/node_modules/validate-npm-package-license Completed in 1176ms
268 timing reifyNode:node_modules/bash-obfuscate/node_modules/strip-ansi Completed in 1176ms
269 timing reifyNode:node_modules/bash-obfuscate/node_modules/string-width Completed in 1177ms
270 timing reifyNode:node_modules/bash-obfuscate/node_modules/spdx-license-ids Completed in 1176ms
271 timing reifyNode:node_modules/bash-obfuscate/node_modules/strip-bom Completed in 1180ms
272 timing reifyNode:node_modules/bash-obfuscate/node_modules/pinkie Completed in 1179ms
273 timing reifyNode:node_modules/bash-obfuscate/node_modules/read-pkg Completed in 1180ms
274 timing reifyNode:node_modules/bash-obfuscate/node_modules/pinkie-promise Completed in 1180ms
275 timing reifyNode:node_modules/bash-obfuscate/node_modules/read-pkg-up Completed in 1181ms
276 timing reifyNode:node_modules/bash-obfuscate/node_modules/decamelize Completed in 1181ms
277 timing reifyNode:node_modules/bash-obfuscate/node_modules/pify Completed in 1182ms
278 timing reifyNode:node_modules/bash-obfuscate/node_modules/path-type Completed in 1183ms
279 timing reifyNode:node_modules/bash-obfuscate/node_modules/get-caller-file Completed in 1183ms
280 timing reifyNode:node_modules/bash-obfuscate/node_modules/os-locale Completed in 1183ms
281 timing reifyNode:node_modules/bash-obfuscate/node_modules/number-is-nan Completed in 1184ms
282 timing reifyNode:node_modules/bash-obfuscate/node_modules/is-utf8 Completed in 1184ms
283 timing reifyNode:node_modules/bash-obfuscate/node_modules/is-fullwidth-code-point Completed in 1185ms
284 timing reifyNode:node_modules/bash-obfuscate/node_modules/find-up Completed in 1188ms
285 timing reifyNode:node_modules/bash-obfuscate/node_modules/error-ex Completed in 1189ms
286 timing reifyNode:node_modules/bash-obfuscate/node_modules/load-json-file Completed in 1193ms
287 timing reifyNode:node_modules/bash-obfuscate/node_modules/camelcase Completed in 1191ms
288 timing reifyNode:node_modules/bash-obfuscate/node_modules/code-point-at Completed in 1192ms
289 timing reifyNode:node_modules/bash-obfuscate/node_modules/ansi-regex Completed in 1192ms
290 timing reifyNode:node_modules/bash-obfuscate/node_modules/which-module Completed in 1214ms
291 timing reifyNode:node_modules/bash-obfuscate/node_modules/path-exists Completed in 1201ms
292 timing reifyNode:node_modules/bash-obfuscate/node_modules/y18n Completed in 1217ms
293 timing reifyNode:node_modules/bash-obfuscate/node_modules/cliui Completed in 1218ms
294 timing reifyNode:node_modules/bash-obfuscate/node_modules/set-blocking Completed in 1215ms
295 timing reifyNode:node_modules/bash-obfuscate/node_modules/lcid Completed in 1216ms
296 timing reifyNode:node_modules/bash-obfuscate/node_modules/spdx-correct Completed in 1226ms
297 timing reifyNode:node_modules/bash-obfuscate/node_modules/require-main-filename Completed in 1237ms
298 timing reifyNode:node_modules/bash-obfuscate/node_modules/has Completed in 1235ms
299 timing reifyNode:node_modules/bash-obfuscate/node_modules/spdx-expression-parse Completed in 1248ms
300 timing metavuln:cache:get:security-advisory:yargs-parser:Fb4ocU65Fem5+ZvgKJQeLzojGMhHeej2gKk0zHV+a/mOCKJYCDLYw3WIMFgTKM/HZiNShtgmX+HGI4Y0nmjKuw== Completed in 286ms
301 timing metavuln:load:security-advisory:yargs-parser:1081883 Completed in 7ms
302 timing metavuln:calculate:security-advisory:yargs-parser:1081883 Completed in 297ms
303 timing metavuln:packument:yargs Completed in 1ms
304 timing reifyNode:node_modules/bash-obfuscate/node_modules/require-directory Completed in 1264ms
305 timing reifyNode:node_modules/bash-obfuscate/node_modules/is-arrayish Completed in 1261ms
306 timing reifyNode:node_modules/bash-obfuscate/node_modules/graceful-fs Completed in 1263ms
307 timing reifyNode:node_modules/bash-obfuscate Completed in 1288ms
308 timing reifyNode:node_modules/bash-obfuscate/node_modules/yargs-parser Completed in 1283ms
309 timing reifyNode:node_modules/bash-obfuscate/node_modules/hosted-git-info Completed in 1274ms
310 timing reifyNode:node_modules/bash-obfuscate/node_modules/parse-json Completed in 1282ms
311 timing reifyNode:node_modules/bash-obfuscate/node_modules/semver Completed in 1290ms
312 timing reifyNode:node_modules/bash-obfuscate/node_modules/supports-preserve-symlinks-flag Completed in 1304ms
313 timing reifyNode:node_modules/bash-obfuscate/node_modules/is-core-module Completed in 1295ms
314 timing reifyNode:node_modules/bash-obfuscate/node_modules/normalize-package-data Completed in 1303ms
315 timing reifyNode:node_modules/bash-obfuscate/node_modules/function-bind Completed in 1303ms
316 timing metavuln:cache:get:security-advisory:yargs:DEp5gXjNFtu17CEgLrzeESfi4A27REe7kqtZ15vGyZnSxX+Tykz+QkOvl2luf4W34yIQGUliMa/bp8UZWmeQyw== Completed in 55ms
317 timing metavuln:load:security-advisory:yargs:Fb4ocU65Fem5+ZvgKJQeLzojGMhHeej2gKk0zHV+a/mOCKJYCDLYw3WIMFgTKM/HZiNShtgmX+HGI4Y0nmjKuw== Completed in 8ms
318 timing metavuln:calculate:security-advisory:yargs:Fb4ocU65Fem5+ZvgKJQeLzojGMhHeej2gKk0zHV+a/mOCKJYCDLYw3WIMFgTKM/HZiNShtgmX+HGI4Y0nmjKuw== Completed in 65ms
319 timing auditReport:init Completed in 412ms
320 timing reify:audit Completed in 1431ms
321 timing reifyNode:node_modules/bash-obfuscate/node_modules/yargs Completed in 1497ms
322 timing reifyNode:node_modules/bash-obfuscate/node_modules/resolve Completed in 1776ms
323 timing reifyNode:node_modules/bash-obfuscate/node_modules/lodash Completed in 3167ms
324 timing reify:unpack Completed in 3190ms
325 timing reify:unretire Completed in 2ms
326 timing build:queue Completed in 27ms
327 timing build:link:node_modules/bash-obfuscate Completed in 45ms
328 timing build:link:node_modules/bash-obfuscate/node_modules/resolve Completed in 38ms
329 timing build:link:node_modules/bash-obfuscate/node_modules/semver Completed in 38ms
330 timing build:link Completed in 51ms
331 timing build:deps Completed in 81ms
332 timing build Completed in 85ms
333 timing reify:build Completed in 93ms
334 timing reify:trash Completed in 610ms
335 timing reify Completed in 10841ms
336 silly CHANGE node_modules/bash-obfuscate
337 silly CHANGE node_modules/bash-obfuscate/node_modules/which-module
338 silly CHANGE node_modules/bash-obfuscate/node_modules/wrap-ansi
339 silly CHANGE node_modules/bash-obfuscate/node_modules/supports-preserve-symlinks-flag
340 silly CHANGE node_modules/bash-obfuscate/node_modules/yargs-parser
341 silly CHANGE node_modules/bash-obfuscate/node_modules/path-parse
342 silly CHANGE node_modules/bash-obfuscate/node_modules/yargs
343 silly CHANGE node_modules/bash-obfuscate/node_modules/y18n
344 silly CHANGE node_modules/bash-obfuscate/node_modules/cliui
345 silly CHANGE node_modules/bash-obfuscate/node_modules/validate-npm-package-license
346 silly CHANGE node_modules/bash-obfuscate/node_modules/strip-bom
347 silly CHANGE node_modules/bash-obfuscate/node_modules/strip-ansi
348 silly CHANGE node_modules/bash-obfuscate/node_modules/string-width
349 silly CHANGE node_modules/bash-obfuscate/node_modules/spdx-license-ids
350 silly CHANGE node_modules/bash-obfuscate/node_modules/spdx-expression-parse
351 silly CHANGE node_modules/bash-obfuscate/node_modules/spdx-exceptions
352 silly CHANGE node_modules/bash-obfuscate/node_modules/spdx-correct
353 silly CHANGE node_modules/bash-obfuscate/node_modules/set-blocking
354 silly CHANGE node_modules/bash-obfuscate/node_modules/semver
355 silly CHANGE node_modules/bash-obfuscate/node_modules/resolve
356 silly CHANGE node_modules/bash-obfuscate/node_modules/require-main-filename
357 silly CHANGE node_modules/bash-obfuscate/node_modules/pinkie
358 silly CHANGE node_modules/bash-obfuscate/node_modules/require-directory
359 silly CHANGE node_modules/bash-obfuscate/node_modules/read-pkg-up
360 silly CHANGE node_modules/bash-obfuscate/node_modules/read-pkg
361 silly CHANGE node_modules/bash-obfuscate/node_modules/pinkie-promise
362 silly CHANGE node_modules/bash-obfuscate/node_modules/decamelize
363 silly CHANGE node_modules/bash-obfuscate/node_modules/pify
364 silly CHANGE node_modules/bash-obfuscate/node_modules/path-type
365 silly CHANGE node_modules/bash-obfuscate/node_modules/get-caller-file
366 silly CHANGE node_modules/bash-obfuscate/node_modules/path-exists
367 silly CHANGE node_modules/bash-obfuscate/node_modules/parse-json
368 silly CHANGE node_modules/bash-obfuscate/node_modules/os-locale
369 silly CHANGE node_modules/bash-obfuscate/node_modules/number-is-nan
370 silly CHANGE node_modules/bash-obfuscate/node_modules/normalize-package-data
371 silly CHANGE node_modules/bash-obfuscate/node_modules/lodash
372 silly CHANGE node_modules/bash-obfuscate/node_modules/load-json-file
373 silly CHANGE node_modules/bash-obfuscate/node_modules/lcid
374 silly CHANGE node_modules/bash-obfuscate/node_modules/is-utf8
375 silly CHANGE node_modules/bash-obfuscate/node_modules/is-fullwidth-code-point
376 silly CHANGE node_modules/bash-obfuscate/node_modules/is-core-module
377 silly CHANGE node_modules/bash-obfuscate/node_modules/is-arrayish
378 silly CHANGE node_modules/bash-obfuscate/node_modules/invert-kv
379 silly CHANGE node_modules/bash-obfuscate/node_modules/hosted-git-info
380 silly CHANGE node_modules/bash-obfuscate/node_modules/has
381 silly CHANGE node_modules/bash-obfuscate/node_modules/graceful-fs
382 silly CHANGE node_modules/bash-obfuscate/node_modules/function-bind
383 silly CHANGE node_modules/bash-obfuscate/node_modules/find-up
384 silly CHANGE node_modules/bash-obfuscate/node_modules/error-ex
385 silly CHANGE node_modules/bash-obfuscate/node_modules/code-point-at
386 silly CHANGE node_modules/bash-obfuscate/node_modules/camelcase
387 silly CHANGE node_modules/bash-obfuscate/node_modules/ansi-regex
388 timing command:install Completed in 10931ms
389 verbose exit 0
390 timing npm Completed in 11651ms
391 info ok
